<?xml version="1.0" encoding="UTF-8"?>
<!-- Generated by org.testng.reporters.JUnitReportReporter -->
<testsuite hostname="LTIN324748" name="com.usbank.pega.TestCaseTrigger" tests="1" failures="0" timestamp="26 Jul 2024 07:12:23 GMT" time="66.044" errors="0">
  <testcase name="triggerTest" time="66.044" classname="com.usbank.pega.TestCaseTrigger"/>
</testsuite> <!-- com.usbank.pega.TestCaseTrigger -->
