<?xml version="1.0" encoding="UTF-8"?>
<!-- Generated by org.testng.reporters.JUnitReportReporter -->
<testsuite hostname="LTIN324748" name="com.usbank.pega.SavingRuleNames" tests="1" failures="0" timestamp="29 Jul 2024 07:39:18 GMT" time="69.042" errors="0">
  <testcase name="loginpage" time="69.042" classname="com.usbank.pega.SavingRuleNames"/>
</testsuite> <!-- com.usbank.pega.SavingRuleNames -->
