<?xml version="1.0" encoding="UTF-8"?>
<!-- Generated by org.testng.reporters.JUnitReportReporter -->
<testsuite hostname="LTIN324748" name="com.usbank.pega.TestScenarioCase" tests="1" failures="0" timestamp="26 Jul 2024 07:01:17 GMT" time="54.138" errors="0">
  <testcase name="loginpage" time="54.138" classname="com.usbank.pega.TestScenarioCase"/>
</testsuite> <!-- com.usbank.pega.TestScenarioCase -->
