<?xml version="1.0" encoding="UTF-8"?>
<!-- Generated by org.testng.reporters.JUnitReportReporter -->
<testsuite hostname="LTIN571743" name="com.usbank.pega.TestCaseTrigger" tests="1" failures="0" timestamp="16 Apr 2025 10:18:59 GMT" time="59.234" errors="0">
  <testcase name="triggerTest" time="59.234" classname="com.usbank.pega.TestCaseTrigger"/>
</testsuite> <!-- com.usbank.pega.TestCaseTrigger -->
