<?xml version="1.0" encoding="UTF-8"?>
<!-- Generated by org.testng.reporters.JUnitReportReporter -->
<testsuite hostname="LTIN571743" failures="0" tests="1" name="com.usbank.pega.SavingScenarioTestNames" time="40.285" errors="0" timestamp="19 Sep 2025 10:54:32 GMT">
  <testcase classname="com.usbank.pega.SavingScenarioTestNames" name="loginpage" time="40.285"/>
</testsuite> <!-- com.usbank.pega.SavingScenarioTestNames -->
