<?xml version="1.0" encoding="UTF-8"?>
<!-- Generated by org.testng.reporters.JUnitReportReporter -->
<testsuite hostname="LTIN571743" failures="0" tests="1" name="com.usbank.pega.TestScenarioCase" time="55.415" errors="0" timestamp="19 Sep 2025 10:56:51 GMT">
  <testcase classname="com.usbank.pega.TestScenarioCase" name="loginpage" time="55.415"/>
</testsuite> <!-- com.usbank.pega.TestScenarioCase -->
